mode: atomic
github.com/fitzy101/streammon/main.go:43.21,54.2 10 0
github.com/fitzy101/streammon/main.go:57.13,88.2 13 1
github.com/fitzy101/streammon/main.go:102.49,107.16 4 0
github.com/fitzy101/streammon/main.go:111.2,112.18 2 0
github.com/fitzy101/streammon/main.go:107.16,109.3 1 0
github.com/fitzy101/streammon/main.go:117.58,120.21 2 5
github.com/fitzy101/streammon/main.go:124.2,133.56 3 4
github.com/fitzy101/streammon/main.go:137.2,137.28 1 3
github.com/fitzy101/streammon/main.go:151.2,151.18 1 2
github.com/fitzy101/streammon/main.go:120.21,122.3 1 1
github.com/fitzy101/streammon/main.go:133.56,135.3 1 1
github.com/fitzy101/streammon/main.go:137.28,144.17 2 4
github.com/fitzy101/streammon/main.go:148.3,148.27 1 3
github.com/fitzy101/streammon/main.go:144.17,146.4 1 1
github.com/fitzy101/streammon/main.go:156.70,167.39 2 12
github.com/fitzy101/streammon/main.go:208.2,210.37 2 12
github.com/fitzy101/streammon/main.go:214.2,214.15 1 11
github.com/fitzy101/streammon/main.go:167.39,176.38 7 12
github.com/fitzy101/streammon/main.go:184.3,184.7 1 12
github.com/fitzy101/streammon/main.go:205.3,205.13 1 12
github.com/fitzy101/streammon/main.go:176.38,178.18 2 226
github.com/fitzy101/streammon/main.go:181.4,181.13 1 211
github.com/fitzy101/streammon/main.go:178.18,180.5 1 15
github.com/fitzy101/streammon/main.go:184.7,185.37 1 43
github.com/fitzy101/streammon/main.go:201.4,202.15 2 28
github.com/fitzy101/streammon/main.go:185.37,186.10 1 12
github.com/fitzy101/streammon/main.go:187.10,187.26 1 31
github.com/fitzy101/streammon/main.go:187.26,188.13 1 3
github.com/fitzy101/streammon/main.go:189.10,189.26 1 28
github.com/fitzy101/streammon/main.go:189.26,191.72 2 10
github.com/fitzy101/streammon/main.go:194.5,194.25 1 10
github.com/fitzy101/streammon/main.go:191.72,193.6 1 100
github.com/fitzy101/streammon/main.go:195.10,197.72 2 18
github.com/fitzy101/streammon/main.go:197.72,199.6 1 55
github.com/fitzy101/streammon/main.go:210.37,212.3 1 1
github.com/fitzy101/streammon/main.go:225.36,228.17 1 16
github.com/fitzy101/streammon/main.go:239.2,239.20 1 14
github.com/fitzy101/streammon/main.go:244.2,245.16 2 13
github.com/fitzy101/streammon/main.go:250.2,250.21 1 13
github.com/fitzy101/streammon/main.go:254.2,254.12 1 12
github.com/fitzy101/streammon/main.go:228.17,229.23 1 0
github.com/fitzy101/streammon/main.go:229.23,231.4 1 0
github.com/fitzy101/streammon/main.go:232.8,233.37 1 16
github.com/fitzy101/streammon/main.go:233.37,235.4 1 2
github.com/fitzy101/streammon/main.go:239.20,241.3 1 1
github.com/fitzy101/streammon/main.go:245.16,247.3 1 0
github.com/fitzy101/streammon/main.go:250.21,252.3 1 1
github.com/fitzy101/streammon/main.go:258.21,261.2 2 2
github.com/fitzy101/streammon/main.go:265.23,266.18 1 16
github.com/fitzy101/streammon/main.go:269.2,269.13 1 0
github.com/fitzy101/streammon/main.go:266.18,268.3 1 16
github.com/fitzy101/streammon/main.go:272.13,273.22 1 0
github.com/fitzy101/streammon/main.go:276.2,278.23 2 0
github.com/fitzy101/streammon/main.go:282.2,286.17 2 0
github.com/fitzy101/streammon/main.go:330.2,330.9 1 0
github.com/fitzy101/streammon/main.go:334.2,335.28 2 0
github.com/fitzy101/streammon/main.go:340.2,341.12 2 0
github.com/fitzy101/streammon/main.go:273.22,275.3 1 0
github.com/fitzy101/streammon/main.go:278.23,280.3 1 0
github.com/fitzy101/streammon/main.go:286.17,288.17 2 0
github.com/fitzy101/streammon/main.go:292.3,293.17 2 0
github.com/fitzy101/streammon/main.go:298.3,298.28 1 0
github.com/fitzy101/streammon/main.go:288.17,290.4 1 0
github.com/fitzy101/streammon/main.go:293.17,295.4 1 0
github.com/fitzy101/streammon/main.go:298.28,307.18 3 0
github.com/fitzy101/streammon/main.go:307.18,309.5 1 0
github.com/fitzy101/streammon/main.go:311.8,313.17 2 0
github.com/fitzy101/streammon/main.go:317.3,324.17 2 0
github.com/fitzy101/streammon/main.go:327.3,327.31 1 0
github.com/fitzy101/streammon/main.go:313.17,315.4 1 0
github.com/fitzy101/streammon/main.go:324.17,326.4 1 0
github.com/fitzy101/streammon/main.go:330.9,332.3 1 0
github.com/fitzy101/streammon/main.go:335.28,338.3 2 0
github.com/fitzy101/streammon/main.go:346.56,350.36 2 0
github.com/fitzy101/streammon/main.go:358.2,358.11 1 0
github.com/fitzy101/streammon/main.go:350.36,352.12 2 0
github.com/fitzy101/streammon/main.go:352.12,353.49 1 0
github.com/fitzy101/streammon/main.go:353.49,355.5 1 0
github.com/fitzy101/streammon/main.go:361.26,364.2 2 0
github.com/fitzy101/streammon/stream/rw.go:17.13,19.2 1 1
github.com/fitzy101/streammon/stream/rw.go:21.15,25.2 3 2
github.com/fitzy101/streammon/stream/rw.go:27.16,31.2 3 1
github.com/fitzy101/streammon/stream/rw.go:33.20,37.2 3 2
github.com/fitzy101/streammon/stream/rw.go:49.42,56.2 3 1
github.com/fitzy101/streammon/stream/rw.go:60.40,66.2 2 2
github.com/fitzy101/streammon/stream/rw.go:69.40,70.12 1 1
github.com/fitzy101/streammon/stream/rw.go:73.2,73.21 1 1
github.com/fitzy101/streammon/stream/rw.go:70.12,72.3 1 1
github.com/fitzy101/streammon/stream/rw.go:77.37,80.2 2 10
github.com/fitzy101/streammon/stream/rw.go:83.28,85.2 1 2
github.com/fitzy101/streammon/stream/rw.go:88.24,92.20 4 1
github.com/fitzy101/streammon/stream/rw.go:96.2,96.8 1 1
github.com/fitzy101/streammon/stream/rw.go:92.20,95.3 2 0
github.com/fitzy101/streammon/stream/stream.go:59.82,69.16 3 1
github.com/fitzy101/streammon/stream/stream.go:72.2,74.16 3 1
github.com/fitzy101/streammon/stream/stream.go:69.16,71.3 1 0
github.com/fitzy101/streammon/stream/stream.go:79.47,82.2 2 0
github.com/fitzy101/streammon/stream/stream.go:86.42,96.12 3 1
github.com/fitzy101/streammon/stream/stream.go:96.12,98.29 1 1
github.com/fitzy101/streammon/stream/stream.go:109.3,109.14 1 0
github.com/fitzy101/streammon/stream/stream.go:98.29,99.24 1 0
github.com/fitzy101/streammon/stream/stream.go:104.4,104.23 1 0
github.com/fitzy101/streammon/stream/stream.go:99.24,101.5 1 0
github.com/fitzy101/streammon/stream/stream.go:101.10,103.5 1 0
github.com/fitzy101/streammon/stream/stream.go:104.23,106.5 1 0
github.com/fitzy101/streammon/stream/stream.go:115.30,117.18 2 1
github.com/fitzy101/streammon/stream/stream.go:117.18,120.13 2 0
github.com/fitzy101/streammon/stream/stream.go:120.13,121.23 1 0
github.com/fitzy101/streammon/stream/stream.go:126.4,126.40 1 0
github.com/fitzy101/streammon/stream/stream.go:130.4,130.15 1 0
github.com/fitzy101/streammon/stream/stream.go:121.23,122.25 1 0
github.com/fitzy101/streammon/stream/stream.go:122.25,124.6 1 0
github.com/fitzy101/streammon/stream/stream.go:126.40,128.5 1 0
github.com/fitzy101/streammon/stream/stream.go:132.8,135.3 1 1
github.com/fitzy101/streammon/stream/stream.go:140.55,145.14 2 10
github.com/fitzy101/streammon/stream/stream.go:149.2,152.34 4 10
github.com/fitzy101/streammon/stream/stream.go:156.2,156.36 1 10
github.com/fitzy101/streammon/stream/stream.go:159.2,159.12 1 10
github.com/fitzy101/streammon/stream/stream.go:145.14,147.3 1 0
github.com/fitzy101/streammon/stream/stream.go:152.34,154.3 1 0
github.com/fitzy101/streammon/stream/stream.go:156.36,158.3 1 0
github.com/fitzy101/streammon/stream/stream.go:165.48,173.32 3 15
github.com/fitzy101/streammon/stream/stream.go:187.2,187.20 1 15
github.com/fitzy101/streammon/stream/stream.go:173.32,174.34 1 26
github.com/fitzy101/streammon/stream/stream.go:185.3,185.44 1 26
github.com/fitzy101/streammon/stream/stream.go:174.34,175.25 1 15
github.com/fitzy101/streammon/stream/stream.go:175.25,176.19 1 15
github.com/fitzy101/streammon/stream/stream.go:176.19,178.6 1 1
github.com/fitzy101/streammon/stream/stream.go:178.11,182.6 1 14
github.com/fitzy101/streammon/stream/stream.go:193.57,196.2 2 18
github.com/fitzy101/streammon/stream/stream.go:200.39,202.27 2 9
github.com/fitzy101/streammon/stream/stream.go:218.2,218.15 1 9
github.com/fitzy101/streammon/stream/stream.go:202.27,204.17 2 13
github.com/fitzy101/streammon/stream/stream.go:204.17,206.49 2 15
github.com/fitzy101/streammon/stream/stream.go:214.4,215.34 2 15
github.com/fitzy101/streammon/stream/stream.go:206.49,208.10 2 0
github.com/fitzy101/streammon/stream/stream.go:209.10,211.5 1 15
github.com/fitzy101/streammon/stream/stream.go:223.58,225.16 2 6
github.com/fitzy101/streammon/stream/stream.go:228.2,228.15 1 5
github.com/fitzy101/streammon/stream/stream.go:225.16,227.3 1 1
