mode: atomic
github.com/fitzy101/streammon/main.go:41.21,52.2 10 0
github.com/fitzy101/streammon/main.go:55.13,86.2 13 1
github.com/fitzy101/streammon/main.go:100.49,105.16 4 0
github.com/fitzy101/streammon/main.go:109.2,110.18 2 0
github.com/fitzy101/streammon/main.go:105.16,107.3 1 0
github.com/fitzy101/streammon/main.go:115.58,118.21 2 5
github.com/fitzy101/streammon/main.go:122.2,131.56 3 4
github.com/fitzy101/streammon/main.go:135.2,135.28 1 3
github.com/fitzy101/streammon/main.go:149.2,149.18 1 2
github.com/fitzy101/streammon/main.go:118.21,120.3 1 1
github.com/fitzy101/streammon/main.go:131.56,133.3 1 1
github.com/fitzy101/streammon/main.go:135.28,142.17 2 4
github.com/fitzy101/streammon/main.go:146.3,146.27 1 3
github.com/fitzy101/streammon/main.go:142.17,144.4 1 1
github.com/fitzy101/streammon/main.go:154.70,165.24 3 4
github.com/fitzy101/streammon/main.go:168.2,168.37 1 4
github.com/fitzy101/streammon/main.go:172.2,172.15 1 3
github.com/fitzy101/streammon/main.go:165.24,167.3 1 11
github.com/fitzy101/streammon/main.go:168.37,170.3 1 1
github.com/fitzy101/streammon/main.go:183.36,186.17 1 8
github.com/fitzy101/streammon/main.go:197.2,197.20 1 6
github.com/fitzy101/streammon/main.go:202.2,203.16 2 5
github.com/fitzy101/streammon/main.go:208.2,208.21 1 5
github.com/fitzy101/streammon/main.go:212.2,212.12 1 4
github.com/fitzy101/streammon/main.go:186.17,187.23 1 0
github.com/fitzy101/streammon/main.go:187.23,189.4 1 0
github.com/fitzy101/streammon/main.go:190.8,191.37 1 8
github.com/fitzy101/streammon/main.go:191.37,193.4 1 2
github.com/fitzy101/streammon/main.go:197.20,199.3 1 1
github.com/fitzy101/streammon/main.go:203.16,205.3 1 0
github.com/fitzy101/streammon/main.go:208.21,210.3 1 1
github.com/fitzy101/streammon/main.go:216.21,219.2 2 2
github.com/fitzy101/streammon/main.go:223.23,224.18 1 8
github.com/fitzy101/streammon/main.go:227.2,227.13 1 0
github.com/fitzy101/streammon/main.go:224.18,226.3 1 8
github.com/fitzy101/streammon/main.go:230.13,231.22 1 0
github.com/fitzy101/streammon/main.go:234.2,236.23 2 0
github.com/fitzy101/streammon/main.go:240.2,244.17 2 0
github.com/fitzy101/streammon/main.go:288.2,288.9 1 0
github.com/fitzy101/streammon/main.go:292.2,293.28 2 0
github.com/fitzy101/streammon/main.go:298.2,299.12 2 0
github.com/fitzy101/streammon/main.go:231.22,233.3 1 0
github.com/fitzy101/streammon/main.go:236.23,238.3 1 0
github.com/fitzy101/streammon/main.go:244.17,246.17 2 0
github.com/fitzy101/streammon/main.go:250.3,251.17 2 0
github.com/fitzy101/streammon/main.go:256.3,256.28 1 0
github.com/fitzy101/streammon/main.go:246.17,248.4 1 0
github.com/fitzy101/streammon/main.go:251.17,253.4 1 0
github.com/fitzy101/streammon/main.go:256.28,265.18 3 0
github.com/fitzy101/streammon/main.go:265.18,267.5 1 0
github.com/fitzy101/streammon/main.go:269.8,271.17 2 0
github.com/fitzy101/streammon/main.go:275.3,282.17 2 0
github.com/fitzy101/streammon/main.go:285.3,285.31 1 0
github.com/fitzy101/streammon/main.go:271.17,273.4 1 0
github.com/fitzy101/streammon/main.go:282.17,284.4 1 0
github.com/fitzy101/streammon/main.go:288.9,290.3 1 0
github.com/fitzy101/streammon/main.go:293.28,296.3 2 0
github.com/fitzy101/streammon/main.go:304.56,308.36 2 0
github.com/fitzy101/streammon/main.go:316.2,316.11 1 0
github.com/fitzy101/streammon/main.go:308.36,310.12 2 0
github.com/fitzy101/streammon/main.go:310.12,311.49 1 0
github.com/fitzy101/streammon/main.go:311.49,313.5 1 0
github.com/fitzy101/streammon/main.go:319.26,322.2 2 0
